<?xml version="1.0" encoding="UTF-8"?>
<!-- Generated by org.testng.reporters.JUnitReportReporter -->
<testsuite hostname="DESKTOP-EFS8UAB" failures="0" tests="1" name="testcases.TC_001_Login" time="15.663" errors="0" timestamp="2024-11-23T13:18:04 IST" skipped="0">
  <testcase classname="testcases.TC_001_Login" name="runLogin" time="15.663"/>
  <system-out/>
</testsuite> <!-- testcases.TC_001_Login -->
