<?xml version="1.0" encoding="UTF-8"?>
<!-- Generated by org.testng.reporters.JUnitReportReporter -->
<testsuite hostname="Sankar" failures="0" tests="1" name="week5.day1.DuplicateLead" time="22.546" errors="0" timestamp="2024-11-10T11:08:11 IST" skipped="0">
  <testcase classname="week5.day1.DuplicateLead" name="duplicateLead" time="22.546"/>
  <system-out/>
</testsuite> <!-- week5.day1.DuplicateLead -->
