<?xml version="1.0" encoding="UTF-8"?>
<!-- Generated by org.testng.reporters.JUnitReportReporter -->
<testsuite hostname="Sankar" failures="0" tests="2" name="TestRunner.LoginRunner" time="18.305" errors="0" timestamp="2024-11-23T10:15:54 IST" skipped="0">
  <testcase classname="TestRunner.LoginRunner" name="runScenario" time="8.347"/>
  <system-out/>
  <testcase classname="TestRunner.LoginRunner" name="runScenario" time="9.958"/>
  <system-out/>
</testsuite> <!-- TestRunner.LoginRunner -->
