<?xml version="1.0" encoding="UTF-8"?>
<!-- Generated by org.testng.reporters.JUnitReportReporter -->
<testsuite hostname="Sankar" failures="0" tests="3" name="week6.day1.LearnDependsOnMethods" time="0.024" errors="0" timestamp="2024-11-16T12:00:17 IST" skipped="0">
  <testcase classname="week6.day1.LearnDependsOnMethods" name="runLogin" time="0.018"/>
  <system-out/>
  <testcase classname="week6.day1.LearnDependsOnMethods" name="createAccount" time="0.003"/>
  <system-out/>
  <testcase classname="week6.day1.LearnDependsOnMethods" name="runLead" time="0.003"/>
  <system-out/>
</testsuite> <!-- week6.day1.LearnDependsOnMethods -->
