<?xml version="1.0" encoding="UTF-8"?>
<!-- Generated by org.testng.reporters.JUnitReportReporter -->
<testsuite hostname="Sankar" failures="0" tests="1" name="week5.day1.CreateLead" time="22.077" errors="0" timestamp="2024-11-10T12:14:59 IST" skipped="0">
  <testcase classname="week5.day1.CreateLead" name="createLead" time="22.077"/>
  <system-out/>
</testsuite> <!-- week5.day1.CreateLead -->
