<?xml version="1.0" encoding="UTF-8"?>
<!-- Generated by org.testng.reporters.JUnitReportReporter -->
<testsuite hostname="Sankar" failures="0" tests="2" name="week6.day1.CreateLead" time="42.946" errors="0" timestamp="2024-11-16T11:29:27 IST" skipped="0">
  <testcase classname="week6.day1.CreateLead" name="createLead" time="22.606"/>
  <system-out/>
  <testcase classname="week6.day1.CreateLead" name="createLead" time="20.340"/>
  <system-out/>
</testsuite> <!-- week6.day1.CreateLead -->
