<?xml version="1.0" encoding="UTF-8"?>
<!-- Generated by org.testng.reporters.JUnitReportReporter -->
<testsuite hostname="Sankar" failures="0" tests="2" name="TestRunner.CreateLeadRunner" time="44.973" errors="0" timestamp="2024-11-23T11:31:19 IST" skipped="0">
  <testcase classname="TestRunner.CreateLeadRunner" name="runScenario" time="23.916"/>
  <system-out/>
  <testcase classname="TestRunner.CreateLeadRunner" name="runScenario" time="21.057"/>
  <system-out/>
</testsuite> <!-- TestRunner.CreateLeadRunner -->
