<?xml version="1.0" encoding="UTF-8"?>
<!-- Generated by org.testng.reporters.JUnitReportReporter -->
<testsuite hostname="Sankar" failures="0" tests="1" name="testcases.TC_001_Login" time="25.539" errors="0" timestamp="2024-11-24T11:20:35 IST" skipped="0">
  <testcase classname="testcases.TC_001_Login" name="runLogin" time="25.539"/>
  <system-out/>
</testsuite> <!-- testcases.TC_001_Login -->
