<?xml version="1.0" encoding="UTF-8"?>
<!-- Generated by org.testng.reporters.JUnitReportReporter -->
<testsuite hostname="Sankar" failures="0" tests="1" name="testcases.TC_002_CreateLead" time="25.549" errors="0" timestamp="2024-11-24T11:20:35 IST" skipped="0">
  <testcase classname="testcases.TC_002_CreateLead" name="runCreateLead" time="25.549"/>
  <system-out/>
</testsuite> <!-- testcases.TC_002_CreateLead -->
