<?xml version="1.0" encoding="UTF-8"?>
<!-- Generated by org.testng.reporters.JUnitReportReporter -->
<testsuite hostname="SankarViswanath" name="testcases.DuplicateTestLeadSe" tests="1" failures="0" timestamp="31 Dec 2017 05:46:17 GMT" time="73.879" errors="0">
  <testcase name="duplicateTestLead" time="73.879" classname="testcases.DuplicateTestLeadSe"/>
</testsuite> <!-- testcases.DuplicateTestLeadSe -->
