<?xml version="1.0" encoding="UTF-8"?>
<!-- Generated by org.testng.reporters.JUnitReportReporter -->
<testsuite skipped="0" hostname="SankarViswanath" name="testcases.CreateLead1" tests="3" failures="0" timestamp="06 Jan 2018 05:46:00 GMT" time="77.272" errors="0">
  <testcase name="login" time="25.081" classname="testcases.CreateLead1"/>
  <testcase name="login" time="26.289" classname="testcases.CreateLead1"/>
  <testcase name="login" time="25.902" classname="testcases.CreateLead1"/>
</testsuite> <!-- testcases.CreateLead1 -->
